FBReader/build/outputs/logs/manifest-merger-debug-report.txt
-- Merging decision tree log ---
manifest
ADDED from src/main/AndroidManifest.xml:2:1-247:12
	package
		ADDED from src/main/AndroidManifest.xml:3:5-35
		INJECTED from src/main/AndroidManifest.xml
		INJECTED from src/main/AndroidManifest.xml
	android:versionName
		ADDED from src/main/AndroidManifest.xml:5:5-41
	android:versionCode
		ADDED from src/main/AndroidManifest.xml:4:5-29
		INJECTED from src/main/AndroidManifest.xml
		INJECTED from src/main/AndroidManifest.xml
	xmlns:android
		ADDED from src/main/AndroidManifest.xml:2:11-69
	android:installLocation
		ADDED from src/main/AndroidManifest.xml:6:5-35
uses-sdk
ADDED from src/main/AndroidManifest.xml:8:2-10:38
	android:targetSdkVersion
		ADDED from src/main/AndroidManifest.xml:10:6-35
		INJECTED from src/main/AndroidManifest.xml
		INJECTED from src/main/AndroidManifest.xml
	android:minSdkVersion
		ADDED from src/main/AndroidManifest.xml:9:6-32
		INJECTED from src/main/AndroidManifest.xml
		INJECTED from src/main/AndroidManifest.xml
supports-screens
ADDED from src/main/AndroidManifest.xml:12:2-133
	android:largeScreens
		ADDED from src/main/AndroidManifest.xml:12:77-104
	android:smallScreens
		ADDED from src/main/AndroidManifest.xml:12:20-47
	android:normalScreens
		ADDED from src/main/AndroidManifest.xml:12:48-76
	android:anyDensity
		ADDED from src/main/AndroidManifest.xml:12:105-130
uses-permission#android.permission.INTERNET
ADDED from src/main/AndroidManifest.xml:13:2-64
	android:name
		ADDED from src/main/AndroidManifest.xml:13:19-61
uses-permission#android.permission.WAKE_LOCK
ADDED from src/main/AndroidManifest.xml:14:2-65
	android:name
		ADDED from src/main/AndroidManifest.xml:14:19-62
uses-permission#android.permission.WRITE_EXTERNAL_STORAGE
ADDED from src/main/AndroidManifest.xml:15:2-78
	android:name
		ADDED from src/main/AndroidManifest.xml:15:19-75
uses-permission#android.permission.ACCESS_WIFI_STATE
ADDED from src/main/AndroidManifest.xml:16:2-73
	android:name
		ADDED from src/main/AndroidManifest.xml:16:19-70
uses-permission#android.permission.CHANGE_WIFI_MULTICAST_STATE
ADDED from src/main/AndroidManifest.xml:17:2-83
	android:name
		ADDED from src/main/AndroidManifest.xml:17:19-80
uses-permission#android.permission.READ_PHONE_STATE
ADDED from src/main/AndroidManifest.xml:18:5-74
	android:name
		ADDED from src/main/AndroidManifest.xml:18:22-72
uses-permission#android.permission.VIBRATE
ADDED from src/main/AndroidManifest.xml:19:5-65
	android:name
		ADDED from src/main/AndroidManifest.xml:19:22-63
uses-permission#android.permission.ACCESS_NETWORK_STATE
ADDED from src/main/AndroidManifest.xml:20:5-79
	android:name
		ADDED from src/main/AndroidManifest.xml:20:22-76
application
ADDED from src/main/AndroidManifest.xml:21:2-246:19
	android:label
		ADDED from src/main/AndroidManifest.xml:21:162-194
	android:icon
		ADDED from src/main/AndroidManifest.xml:21:96-127
	android:theme
		ADDED from src/main/AndroidManifest.xml:21:128-161
	android:name
		ADDED from src/main/AndroidManifest.xml:21:15-95
activity#org.geometerplus.zlibrary.ui.android.library.BugReportActivity
ADDED from src/main/AndroidManifest.xml:22:3-199
	android:process
		ADDED from src/main/AndroidManifest.xml:22:172-196
	android:label
		ADDED from src/main/AndroidManifest.xml:22:91-120
	android:configChanges
		ADDED from src/main/AndroidManifest.xml:22:121-171
	android:name
		ADDED from src/main/AndroidManifest.xml:22:13-90
activity#org.geometerplus.android.fbreader.crash.FixBooksDirectoryActivity
ADDED from src/main/AndroidManifest.xml:23:3-29:14
	android:process
		ADDED from src/main/AndroidManifest.xml:23:189-213
	android:configChanges
		ADDED from src/main/AndroidManifest.xml:23:138-188
	android:theme
		ADDED from src/main/AndroidManifest.xml:23:94-137
	android:name
		ADDED from src/main/AndroidManifest.xml:23:13-93
intent-filter#android.fbreader.action.CRASH+android.intent.category.DEFAULT
ADDED from src/main/AndroidManifest.xml:24:4-28:20
action#android.fbreader.action.CRASH
ADDED from src/main/AndroidManifest.xml:25:5-60
	android:name
		ADDED from src/main/AndroidManifest.xml:25:13-57
category#android.intent.category.DEFAULT
ADDED from src/main/AndroidManifest.xml:26:5-64
	android:name
		ADDED from src/main/AndroidManifest.xml:26:15-61
data
ADDED from src/main/AndroidManifest.xml:27:5-57
	android:scheme
		ADDED from src/main/AndroidManifest.xml:27:11-54
activity#org.geometerplus.android.fbreader.crash.MissingNativeLibraryActivity
ADDED from src/main/AndroidManifest.xml:30:3-36:14
	android:process
		ADDED from src/main/AndroidManifest.xml:30:192-216
	android:configChanges
		ADDED from src/main/AndroidManifest.xml:30:141-191
	android:theme
		ADDED from src/main/AndroidManifest.xml:30:97-140
	android:name
		ADDED from src/main/AndroidManifest.xml:30:13-96
service#org.geometerplus.android.fbreader.api.ApiService
ADDED from src/main/AndroidManifest.xml:37:3-42:13
	android:name
		ADDED from src/main/AndroidManifest.xml:37:12-75
intent-filter#android.fbreader.action.API+android.intent.category.DEFAULT
ADDED from src/main/AndroidManifest.xml:38:4-41:20
action#android.fbreader.action.API
ADDED from src/main/AndroidManifest.xml:39:5-58
	android:name
		ADDED from src/main/AndroidManifest.xml:39:13-55
activity#org.geometerplus.android.fbreader.benetech.FBReaderWithNavigationBar
ADDED from src/main/AndroidManifest.xml:43:3-102:14
	android:label
		ADDED from src/main/AndroidManifest.xml:43:161-193
	android:launchMode
		ADDED from src/main/AndroidManifest.xml:43:97-128
	android:configChanges
		ADDED from src/main/AndroidManifest.xml:43:194-244
	android:icon
		ADDED from src/main/AndroidManifest.xml:43:129-160
	android:name
		ADDED from src/main/AndroidManifest.xml:43:13-96
intent-filter#android.intent.action.MAIN+android.intent.category.LAUNCHER
ADDED from src/main/AndroidManifest.xml:44:4-47:20
action#android.intent.action.MAIN
ADDED from src/main/AndroidManifest.xml:45:5-57
	android:name
		ADDED from src/main/AndroidManifest.xml:45:13-54
category#android.intent.category.LAUNCHER
ADDED from src/main/AndroidManifest.xml:46:5-65
	android:name
		ADDED from src/main/AndroidManifest.xml:46:15-62
intent-filter#android.fbreader.action.VIEW+android.intent.category.DEFAULT
ADDED from src/main/AndroidManifest.xml:48:4-52:20
action#android.fbreader.action.VIEW
ADDED from src/main/AndroidManifest.xml:49:5-59
	android:name
		ADDED from src/main/AndroidManifest.xml:49:13-56
intent-filter#android.intent.action.VIEW+android.intent.category.DEFAULT
ADDED from src/main/AndroidManifest.xml:53:4-57:20
action#android.intent.action.VIEW
ADDED from src/main/AndroidManifest.xml:54:5-57
	android:name
		ADDED from src/main/AndroidManifest.xml:54:13-54
intent-filter#android.intent.action.VIEW+android.intent.category.BROWSABLE+android.intent.category.DEFAULT
ADDED from src/main/AndroidManifest.xml:80:4-85:20
category#android.intent.category.BROWSABLE
ADDED from src/main/AndroidManifest.xml:83:5-66
	android:name
		ADDED from src/main/AndroidManifest.xml:83:15-63
intent-filter#android.intent.action.SEARCH
ADDED from src/main/AndroidManifest.xml:98:4-100:20
action#android.intent.action.SEARCH
ADDED from src/main/AndroidManifest.xml:99:5-59
	android:name
		ADDED from src/main/AndroidManifest.xml:99:13-56
meta-data#android.app.searchable
ADDED from src/main/AndroidManifest.xml:101:4-90
	android:resource
		ADDED from src/main/AndroidManifest.xml:101:53-87
	android:name
		ADDED from src/main/AndroidManifest.xml:101:15-52
activity#org.geometerplus.android.fbreader.CancelActivity
ADDED from src/main/AndroidManifest.xml:103:3-173
	android:configChanges
		ADDED from src/main/AndroidManifest.xml:103:121-171
	android:theme
		ADDED from src/main/AndroidManifest.xml:103:77-120
	android:name
		ADDED from src/main/AndroidManifest.xml:103:13-76
activity#org.geometerplus.android.fbreader.image.ImageViewActivity
ADDED from src/main/AndroidManifest.xml:104:3-167
	android:process
		ADDED from src/main/AndroidManifest.xml:104:86-114
	android:configChanges
		ADDED from src/main/AndroidManifest.xml:104:115-165
	android:name
		ADDED from src/main/AndroidManifest.xml:104:13-85
activity#org.geometerplus.android.fbreader.library.BookInfoActivity
ADDED from src/main/AndroidManifest.xml:105:3-210
	android:process
		ADDED from src/main/AndroidManifest.xml:105:138-164
	android:label
		ADDED from src/main/AndroidManifest.xml:105:166-208
	android:configChanges
		ADDED from src/main/AndroidManifest.xml:105:87-137
	android:name
		ADDED from src/main/AndroidManifest.xml:105:13-86
receiver#org.geometerplus.android.fbreader.library.KillerCallback
ADDED from src/main/AndroidManifest.xml:106:3-114
	android:process
		ADDED from src/main/AndroidManifest.xml:106:85-111
	android:name
		ADDED from src/main/AndroidManifest.xml:106:13-84
activity#org.geometerplus.android.fbreader.library.LibrarySearchActivity
ADDED from src/main/AndroidManifest.xml:107:3-112:14
	android:process
		ADDED from src/main/AndroidManifest.xml:107:92-118
	android:theme
		ADDED from src/main/AndroidManifest.xml:107:119-165
	android:name
		ADDED from src/main/AndroidManifest.xml:107:13-91
activity#org.geometerplus.android.fbreader.library.LibraryActivity
ADDED from src/main/AndroidManifest.xml:113:3-115:14
	android:process
		ADDED from src/main/AndroidManifest.xml:113:118-144
	android:label
		ADDED from src/main/AndroidManifest.xml:113:196-232
	android:launchMode
		ADDED from src/main/AndroidManifest.xml:113:86-117
	android:configChanges
		ADDED from src/main/AndroidManifest.xml:113:145-195
	android:name
		ADDED from src/main/AndroidManifest.xml:113:13-85
meta-data#android.app.default_searchable
ADDED from src/main/AndroidManifest.xml:114:4-143
	android:value
		ADDED from src/main/AndroidManifest.xml:114:61-140
	android:name
		ADDED from src/main/AndroidManifest.xml:114:15-60
activity#org.geometerplus.android.fbreader.TOCActivity
ADDED from src/main/AndroidManifest.xml:116:3-160
	android:label
		ADDED from src/main/AndroidManifest.xml:116:126-158
	android:configChanges
		ADDED from src/main/AndroidManifest.xml:116:74-124
	android:name
		ADDED from src/main/AndroidManifest.xml:116:13-73
activity#org.geometerplus.android.fbreader.BookmarksActivity
ADDED from src/main/AndroidManifest.xml:117:3-122:14
	android:label
		ADDED from src/main/AndroidManifest.xml:117:163-201
	android:launchMode
		ADDED from src/main/AndroidManifest.xml:117:80-111
	android:configChanges
		ADDED from src/main/AndroidManifest.xml:117:112-162
	android:name
		ADDED from src/main/AndroidManifest.xml:117:13-79
activity#org.geometerplus.android.fbreader.BookmarkEditActivity
ADDED from src/main/AndroidManifest.xml:123:3-180
	android:configChanges
		ADDED from src/main/AndroidManifest.xml:123:127-177
	android:theme
		ADDED from src/main/AndroidManifest.xml:123:83-126
	android:name
		ADDED from src/main/AndroidManifest.xml:123:13-82
activity#org.geometerplus.android.fbreader.preferences.PreferenceActivity
ADDED from src/main/AndroidManifest.xml:124:3-146
	android:configChanges
		ADDED from src/main/AndroidManifest.xml:124:93-143
	android:name
		ADDED from src/main/AndroidManifest.xml:124:13-92
activity#org.geometerplus.android.fbreader.preferences.EditBookInfoActivity
ADDED from src/main/AndroidManifest.xml:125:3-175
	android:process
		ADDED from src/main/AndroidManifest.xml:125:95-121
	android:configChanges
		ADDED from src/main/AndroidManifest.xml:125:122-172
	android:name
		ADDED from src/main/AndroidManifest.xml:125:13-94
activity#org.geometerplus.android.fbreader.network.BookDownloader
ADDED from src/main/AndroidManifest.xml:126:3-170:14
	android:process
		ADDED from src/main/AndroidManifest.xml:126:85-118
	android:theme
		ADDED from src/main/AndroidManifest.xml:126:119-165
	android:name
		ADDED from src/main/AndroidManifest.xml:126:13-84
service#org.geometerplus.android.fbreader.network.BookDownloaderService
ADDED from src/main/AndroidManifest.xml:171:3-127
	android:process
		ADDED from src/main/AndroidManifest.xml:171:91-124
	android:name
		ADDED from src/main/AndroidManifest.xml:171:12-90
activity#org.geometerplus.android.fbreader.network.NetworkSearchActivity
ADDED from src/main/AndroidManifest.xml:172:3-177:14
	android:process
		ADDED from src/main/AndroidManifest.xml:172:92-125
	android:theme
		ADDED from src/main/AndroidManifest.xml:172:126-172
	android:name
		ADDED from src/main/AndroidManifest.xml:172:13-91
activity#org.geometerplus.android.fbreader.network.NetworkLibraryPrimaryActivity
ADDED from src/main/AndroidManifest.xml:178:3-186:14
	android:process
		ADDED from src/main/AndroidManifest.xml:178:100-133
	android:launchMode
		ADDED from src/main/AndroidManifest.xml:178:134-165
	android:configChanges
		ADDED from src/main/AndroidManifest.xml:178:166-216
	android:name
		ADDED from src/main/AndroidManifest.xml:178:13-99
intent-filter#android.fbreader.action.OPEN_NETWORK_CATALOG+android.intent.category.DEFAULT
ADDED from src/main/AndroidManifest.xml:180:4-185:20
action#android.fbreader.action.OPEN_NETWORK_CATALOG
ADDED from src/main/AndroidManifest.xml:181:5-75
	android:name
		ADDED from src/main/AndroidManifest.xml:181:13-72
activity#org.geometerplus.android.fbreader.network.NetworkLibrarySecondaryActivity
ADDED from src/main/AndroidManifest.xml:187:3-189
	android:process
		ADDED from src/main/AndroidManifest.xml:187:102-135
	android:configChanges
		ADDED from src/main/AndroidManifest.xml:187:136-186
	android:name
		ADDED from src/main/AndroidManifest.xml:187:13-101
activity#org.geometerplus.android.fbreader.network.AuthenticationActivity
ADDED from src/main/AndroidManifest.xml:188:3-223
	android:process
		ADDED from src/main/AndroidManifest.xml:188:93-126
	android:configChanges
		ADDED from src/main/AndroidManifest.xml:188:127-177
	android:theme
		ADDED from src/main/AndroidManifest.xml:188:178-221
	android:name
		ADDED from src/main/AndroidManifest.xml:188:13-92
activity#org.geometerplus.android.fbreader.network.BuyBooksActivity
ADDED from src/main/AndroidManifest.xml:189:3-217
	android:process
		ADDED from src/main/AndroidManifest.xml:189:87-120
	android:configChanges
		ADDED from src/main/AndroidManifest.xml:189:121-171
	android:theme
		ADDED from src/main/AndroidManifest.xml:189:172-215
	android:name
		ADDED from src/main/AndroidManifest.xml:189:13-86
activity#org.geometerplus.android.fbreader.network.AddCatalogMenuActivity
ADDED from src/main/AndroidManifest.xml:190:3-223
	android:process
		ADDED from src/main/AndroidManifest.xml:190:93-126
	android:configChanges
		ADDED from src/main/AndroidManifest.xml:190:127-177
	android:theme
		ADDED from src/main/AndroidManifest.xml:190:178-221
	android:name
		ADDED from src/main/AndroidManifest.xml:190:13-92
activity#org.geometerplus.android.fbreader.network.AddCustomCatalogActivity
ADDED from src/main/AndroidManifest.xml:191:3-203:14
	android:process
		ADDED from src/main/AndroidManifest.xml:191:95-128
	android:configChanges
		ADDED from src/main/AndroidManifest.xml:191:129-179
	android:theme
		ADDED from src/main/AndroidManifest.xml:191:180-223
	android:name
		ADDED from src/main/AndroidManifest.xml:191:13-94
intent-filter#android.fbreader.action.ADD_OPDS_CATALOG+android.intent.category.DEFAULT
ADDED from src/main/AndroidManifest.xml:192:4-196:20
action#android.fbreader.action.ADD_OPDS_CATALOG
ADDED from src/main/AndroidManifest.xml:193:5-71
	android:name
		ADDED from src/main/AndroidManifest.xml:193:13-68
activity#org.geometerplus.android.fbreader.network.ScanLocalNetworkActivity
ADDED from src/main/AndroidManifest.xml:204:3-210:14
	android:process
		ADDED from src/main/AndroidManifest.xml:204:95-128
	android:configChanges
		ADDED from src/main/AndroidManifest.xml:204:173-223
	android:theme
		ADDED from src/main/AndroidManifest.xml:204:129-172
	android:name
		ADDED from src/main/AndroidManifest.xml:204:13-94
activity#org.geometerplus.android.fbreader.network.AuthorizationMenuActivity
ADDED from src/main/AndroidManifest.xml:211:3-226
	android:process
		ADDED from src/main/AndroidManifest.xml:211:96-129
	android:configChanges
		ADDED from src/main/AndroidManifest.xml:211:174-224
	android:theme
		ADDED from src/main/AndroidManifest.xml:211:130-173
	android:name
		ADDED from src/main/AndroidManifest.xml:211:13-95
activity#org.geometerplus.android.fbreader.network.TopupMenuActivity
ADDED from src/main/AndroidManifest.xml:212:3-218
	android:process
		ADDED from src/main/AndroidManifest.xml:212:88-121
	android:configChanges
		ADDED from src/main/AndroidManifest.xml:212:166-216
	android:theme
		ADDED from src/main/AndroidManifest.xml:212:122-165
	android:name
		ADDED from src/main/AndroidManifest.xml:212:13-87
activity#org.geometerplus.android.fbreader.network.NetworkBookInfoActivity
ADDED from src/main/AndroidManifest.xml:213:3-219:14
	android:process
		ADDED from src/main/AndroidManifest.xml:213:94-127
	android:configChanges
		ADDED from src/main/AndroidManifest.xml:213:128-178
	android:name
		ADDED from src/main/AndroidManifest.xml:213:13-93
receiver#org.geometerplus.android.fbreader.network.ListenerCallback
ADDED from src/main/AndroidManifest.xml:220:3-225:14
	android:process
		ADDED from src/main/AndroidManifest.xml:220:87-120
	android:name
		ADDED from src/main/AndroidManifest.xml:220:13-86
intent-filter#android.fbreader.action.network.SIGNIN+android.intent.category.DEFAULT
ADDED from src/main/AndroidManifest.xml:221:4-224:20
action#android.fbreader.action.network.SIGNIN
ADDED from src/main/AndroidManifest.xml:222:5-69
	android:name
		ADDED from src/main/AndroidManifest.xml:222:13-66
activity#org.geometerplus.android.fbreader.tips.TipsActivity
ADDED from src/main/AndroidManifest.xml:226:3-176
	android:configChanges
		ADDED from src/main/AndroidManifest.xml:226:80-130
	android:theme
		ADDED from src/main/AndroidManifest.xml:226:131-174
	android:name
		ADDED from src/main/AndroidManifest.xml:226:13-79
activity#org.geometerplus.android.fbreader.benetech.SpeakActivity
ADDED from src/main/AndroidManifest.xml:227:9-207
	android:label
		ADDED from src/main/AndroidManifest.xml:227:187-204
	android:configChanges
		ADDED from src/main/AndroidManifest.xml:227:91-141
	android:theme
		ADDED from src/main/AndroidManifest.xml:227:143-186
	android:name
		ADDED from src/main/AndroidManifest.xml:227:19-90
activity#org.geometerplus.android.fbreader.network.bookshare.Bookshare_Menu
ADDED from src/main/AndroidManifest.xml:229:9-135
	android:label
		ADDED from src/main/AndroidManifest.xml:229:102-132
	android:name
		ADDED from src/main/AndroidManifest.xml:229:19-100
activity#org.geometerplus.android.fbreader.network.bookshare.Bookshare_Books_Listing
ADDED from src/main/AndroidManifest.xml:230:9-232:51
	android:label
		ADDED from src/main/AndroidManifest.xml:232:19-48
	android:configChanges
		ADDED from src/main/AndroidManifest.xml:231:19-112
	android:name
		ADDED from src/main/AndroidManifest.xml:230:19-109
activity#org.geometerplus.android.fbreader.network.bookshare.Bookshare_Book_Details
ADDED from src/main/AndroidManifest.xml:233:9-235:50
	android:label
		ADDED from src/main/AndroidManifest.xml:235:19-47
	android:configChanges
		ADDED from src/main/AndroidManifest.xml:234:19-112
	android:name
		ADDED from src/main/AndroidManifest.xml:233:19-108
activity#org.geometerplus.android.fbreader.network.bookshare.Bookshare_Webservice_Login
ADDED from src/main/AndroidManifest.xml:236:9-149
	android:label
		ADDED from src/main/AndroidManifest.xml:236:114-146
	android:name
		ADDED from src/main/AndroidManifest.xml:236:19-112
activity#org.geometerplus.android.fbreader.network.bookshare.Bookshare_Periodical_Listing
ADDED from src/main/AndroidManifest.xml:237:9-150
	android:label
		ADDED from src/main/AndroidManifest.xml:237:116-147
	android:name
		ADDED from src/main/AndroidManifest.xml:237:19-114
activity#org.geometerplus.android.fbreader.network.bookshare.Bookshare_Periodical_Edition_Listing
ADDED from src/main/AndroidManifest.xml:238:9-166
	android:label
		ADDED from src/main/AndroidManifest.xml:238:124-163
	android:name
		ADDED from src/main/AndroidManifest.xml:238:19-122
activity#org.geometerplus.android.fbreader.network.bookshare.Bookshare_Periodical_Edition_Details
ADDED from src/main/AndroidManifest.xml:239:9-168
	android:label
		ADDED from src/main/AndroidManifest.xml:239:123-165
	android:name
		ADDED from src/main/AndroidManifest.xml:239:19-122
activity#org.geometerplus.android.fbreader.network.bookshare.Bookshare_OM_List
ADDED from src/main/AndroidManifest.xml:240:9-141
	android:label
		ADDED from src/main/AndroidManifest.xml:240:105-138
	android:name
		ADDED from src/main/AndroidManifest.xml:240:19-103
activity#org.geometerplus.android.fbreader.benetech.AccessibleMainMenuActivity
ADDED from src/main/AndroidManifest.xml:241:9-132
	android:label
		ADDED from src/main/AndroidManifest.xml:241:104-129
	android:name
		ADDED from src/main/AndroidManifest.xml:241:19-103
activity#org.geometerplus.android.fbreader.benetech.AccessibleNavigateActivity
ADDED from src/main/AndroidManifest.xml:242:9-133
	android:label
		ADDED from src/main/AndroidManifest.xml:242:104-130
	android:name
		ADDED from src/main/AndroidManifest.xml:242:19-103